<-= 1 =->
city = Tokyo
city = Duluth
<-= 2 =->
pid = p05
pid = p03
pid = p03
<-= 3 =->
name = Weyland-Yutani
<-= 4 =->
name = Weyland-Yutani
<-= 5 =->
name = ACME
name = Otasi
name = Tiptop
name = Otasi
name = Allied
name = Smith
name = Basics
name = Smith
<-= 6 =->
name = ACME
name = Otasi
city = Duluth
name = Tiptop
name = Otasi
city = Duluth
name = Allied
name = Smith
city = Dallas
name = Basics
name = Smith
city = Dallas
<-= 7 =->
name = Tiptop
city = Duluth
name = ACME
city = Duluth
<-= end =->
