<-= 1 =->
name = Basics
city = Dallas
name = Allied
city = Dallas
<-= 2 =->
name = folder
name = clip
<-= 3 =->
name = Basics
pid = p03
dollarsum = 1620.00
name = ACME
pid = p01
dollarsum = 1360.00
name = Allied
pid = p05
dollarsum = 1104.00
name = Tiptop
pid = p07
dollarsum = 720.00
name = Tiptop
pid = p06
dollarsum = 720.00
name = ACME
pid = p07
dollarsum = 600.00
name = Tiptop
pid = p03
dollarsum = 540.00
name = Tiptop
pid = p04
dollarsum = 540.00
name = Tiptop
pid = p05
dollarsum = 450.00
name = Tiptop
pid = p01
dollarsum = 450.00
name = Tiptop
pid = p02
dollarsum = 180.00
<-= 4 =->
name = ACME
coalesce = 1960.00
name = Allied
coalesce = 1104.00
name = Basics
coalesce = 1620.00
name = Tiptop
coalesce = 3600.00
name = Weyland-Yutani
coalesce = 0.00
<-= 5 =->
name = Basics
name = razor
aid = a03
name = Brown
name = Tiptop
name = pen
aid = a03
name = Brown
name = Allied
name = pencil
aid = a03
name = Brown
name = ACME
name = case
aid = a03
name = Brown
<-= 6 =->
ordno = 1026
mon = may
cid = c002
aid = a05
pid = p03
qty = 800
dollars = 740.00
truetotal = 704.0000000000000000000000
<-= end =->
